<?xml version="1.0" encoding="UTF-8"?>
<testng-results ignored="0" total="1" passed="1" failed="0" skipped="0">
  <reporter-output>
  </reporter-output>
  <suite started-at="2023-02-15T21:49:28 IST" name="Default suite" finished-at="2023-02-15T21:50:57 IST" duration-ms="88300">
    <groups>
    </groups>
    <test started-at="2023-02-15T21:49:28 IST" name="Default test" finished-at="2023-02-15T21:50:57 IST" duration-ms="88300">
      <class name="testscripts.ThirdTest">
        <test-method is-config="true" signature="classSetup()[pri:0, instance:testscripts.ThirdTest@7bab3f1a]" started-at="2023-02-15T21:49:28 IST" name="classSetup" finished-at="2023-02-15T21:49:39 IST" duration-ms="10203" status="PASS">
          <reporter-output>
          </reporter-output>
        </test-method> <!-- classSetup -->
        <test-method is-config="true" signature="methodSetup()[pri:0, instance:testscripts.ThirdTest@7bab3f1a]" started-at="2023-02-15T21:49:39 IST" name="methodSetup" finished-at="2023-02-15T21:49:40 IST" duration-ms="1640" status="PASS">
          <reporter-output>
          </reporter-output>
        </test-method> <!-- methodSetup -->
        <test-method signature="thirdTest()[pri:0, instance:testscripts.ThirdTest@7bab3f1a]" started-at="2023-02-15T21:49:40 IST" name="thirdTest" finished-at="2023-02-15T21:50:56 IST" duration-ms="76002" status="PASS">
          <reporter-output>
          </reporter-output>
        </test-method> <!-- thirdTest -->
        <test-method is-config="true" signature="methodTearDown()[pri:0, instance:testscripts.ThirdTest@7bab3f1a]" started-at="2023-02-15T21:50:56 IST" name="methodTearDown" finished-at="2023-02-15T21:50:56 IST" duration-ms="1" status="PASS">
          <reporter-output>
          </reporter-output>
        </test-method> <!-- methodTearDown -->
        <test-method is-config="true" signature="classTearDown()[pri:0, instance:testscripts.ThirdTest@7bab3f1a]" started-at="2023-02-15T21:50:56 IST" name="classTearDown" finished-at="2023-02-15T21:50:57 IST" duration-ms="394" status="PASS">
          <reporter-output>
          </reporter-output>
        </test-method> <!-- classTearDown -->
      </class> <!-- testscripts.ThirdTest -->
    </test> <!-- Default test -->
  </suite> <!-- Default suite -->
</testng-results>
