<?xml version="1.0" encoding="UTF-8"?>
<testng-results ignored="0" total="1" passed="1" failed="0" skipped="0">
  <reporter-output>
  </reporter-output>
  <suite started-at="2023-01-29T11:55:35 IST" name="Default suite" finished-at="2023-01-29T11:55:46 IST" duration-ms="11543">
    <groups>
    </groups>
    <test started-at="2023-01-29T11:55:35 IST" name="Default test" finished-at="2023-01-29T11:55:46 IST" duration-ms="11543">
      <class name="testscripts.FirstTest">
        <test-method is-config="true" signature="classSetup()[pri:0, instance:testscripts.FirstTest@46cdf8bd]" started-at="2023-01-29T11:55:35 IST" name="classSetup" finished-at="2023-01-29T11:55:40 IST" duration-ms="5167" status="PASS">
          <reporter-output>
          </reporter-output>
        </test-method> <!-- classSetup -->
        <test-method is-config="true" signature="methodSetup()[pri:0, instance:testscripts.FirstTest@46cdf8bd]" started-at="2023-01-29T11:55:40 IST" name="methodSetup" finished-at="2023-01-29T11:55:41 IST" duration-ms="1041" status="PASS">
          <reporter-output>
          </reporter-output>
        </test-method> <!-- methodSetup -->
        <test-method signature="firstTest()[pri:0, instance:testscripts.FirstTest@46cdf8bd]" started-at="2023-01-29T11:55:41 IST" name="firstTest" finished-at="2023-01-29T11:55:46 IST" duration-ms="4776" status="PASS">
          <reporter-output>
          </reporter-output>
        </test-method> <!-- firstTest -->
        <test-method is-config="true" signature="methodTearDown()[pri:0, instance:testscripts.FirstTest@46cdf8bd]" started-at="2023-01-29T11:55:46 IST" name="methodTearDown" finished-at="2023-01-29T11:55:46 IST" duration-ms="1" status="PASS">
          <reporter-output>
          </reporter-output>
        </test-method> <!-- methodTearDown -->
        <test-method is-config="true" signature="classTearDown()[pri:0, instance:testscripts.FirstTest@46cdf8bd]" started-at="2023-01-29T11:55:46 IST" name="classTearDown" finished-at="2023-01-29T11:55:46 IST" duration-ms="493" status="PASS">
          <reporter-output>
          </reporter-output>
        </test-method> <!-- classTearDown -->
      </class> <!-- testscripts.FirstTest -->
    </test> <!-- Default test -->
  </suite> <!-- Default suite -->
</testng-results>
